2019-08-12T12:11:12.914Z - info: Website generation started at 8:11:12 PM
2019-08-12T12:11:12.934Z - info: Building assets...
2019-08-12T12:11:12.947Z - info: Assets built
2019-08-12T12:11:12.948Z - info: Generating pages...
2019-08-12T12:11:13.201Z - info: Pages built
2019-08-12T12:11:13.244Z - info: Website generation complete! Total build time: 0.35s
2019-08-12T12:11:13.260Z - info: Serving "/home/crphang/web4/_site" at http://127.0.0.1:8080
2019-08-12T12:11:13.260Z - info: Press CTRL+C to stop ...
2019-08-12T12:11:13.264Z - info: Site data built
2019-08-12T12:12:21.737Z - info: [8:12:21 PM] Reload for file change: /home/crphang/web4/_markbind/headers/header.md
2019-08-12T12:12:21.905Z - info: [8:12:21 PM] Reload for file change: /home/crphang/web4/_markbind/headers/header.md
2019-08-12T12:12:22.738Z - info: Rebuilding affected source files
2019-08-12T12:12:22.739Z - info: Rebuilding 0 pages
2019-08-12T12:12:22.739Z - info: Pages rebuilt
2019-08-12T12:12:22.741Z - info: Site data built
2019-08-12T12:12:31.793Z - info: [8:12:31 PM] Reload for file change: /home/crphang/web4/_markbind/headers/header.md
2019-08-12T12:12:31.945Z - info: [8:12:31 PM] Reload for file change: /home/crphang/web4/_markbind/headers/header.md
2019-08-12T12:12:32.097Z - info: [8:12:32 PM] Reload for file change: /home/crphang/web4/_markbind/headers/header.md
2019-08-12T12:12:32.794Z - info: Rebuilding affected source files
2019-08-12T12:12:32.794Z - info: Rebuilding 0 pages
2019-08-12T12:12:32.794Z - info: Pages rebuilt
2019-08-12T12:12:32.795Z - info: Site data built
2019-08-12T12:12:33.645Z - info: [8:12:33 PM] Reload for file change: /home/crphang/web4/_markbind/headers/header.md
2019-08-12T12:12:34.645Z - info: Rebuilding affected source files
2019-08-12T12:12:34.646Z - info: Rebuilding 0 pages
2019-08-12T12:12:34.646Z - info: Pages rebuilt
2019-08-12T12:12:34.647Z - info: Site data built
2019-08-12T12:12:39.766Z - info: [8:12:39 PM] Reload for file change: /home/crphang/web4/_markbind/headers/header.md
2019-08-12T12:12:40.768Z - info: Rebuilding affected source files
2019-08-12T12:12:40.768Z - info: Rebuilding 0 pages
2019-08-12T12:12:40.768Z - info: Pages rebuilt
2019-08-12T12:12:40.769Z - info: Site data built
2019-08-12T12:12:41.042Z - info: [8:12:41 PM] Reload for file change: /home/crphang/web4/_markbind/headers/header.md
2019-08-12T12:12:41.193Z - info: [8:12:41 PM] Reload for file change: /home/crphang/web4/_markbind/headers/header.md
2019-08-12T12:12:42.042Z - info: Rebuilding affected source files
2019-08-12T12:12:42.042Z - info: Rebuilding 0 pages
2019-08-12T12:12:42.043Z - info: Pages rebuilt
2019-08-12T12:12:42.044Z - info: Site data built
2019-08-12T12:12:46.081Z - info: [8:12:46 PM] Reload for file change: /home/crphang/web4/_markbind/headers/header.md
2019-08-12T12:12:46.264Z - info: [8:12:46 PM] Reload for file change: /home/crphang/web4/_markbind/headers/header.md
2019-08-12T12:12:46.401Z - info: [8:12:46 PM] Reload for file change: /home/crphang/web4/_markbind/headers/header.md
2019-08-12T12:12:47.082Z - info: Rebuilding affected source files
2019-08-12T12:12:47.082Z - info: Rebuilding 0 pages
2019-08-12T12:12:47.082Z - info: Pages rebuilt
2019-08-12T12:12:47.083Z - info: Site data built
2019-08-12T12:13:10.938Z - info: [8:13:10 PM] Reload for file change: /home/crphang/web4/index.md
2019-08-12T12:13:11.939Z - info: Rebuilding affected source files
2019-08-12T12:13:11.939Z - info: Rebuilding 1 pages
2019-08-12T12:13:11.955Z - error:  YAMLException: bad indentation of a mapping entry at line 3, column 10:
      pageNav: 2
             ^
    at generateError (/home/crphang/markbind/node_modules/js-yaml/lib/js-yaml/loader.js:167:10)
    at throwError (/home/crphang/markbind/node_modules/js-yaml/lib/js-yaml/loader.js:173:9)
    at readBlockMapping (/home/crphang/markbind/node_modules/js-yaml/lib/js-yaml/loader.js:1107:7)
    at composeNode (/home/crphang/markbind/node_modules/js-yaml/lib/js-yaml/loader.js:1359:12)
    at readDocument (/home/crphang/markbind/node_modules/js-yaml/lib/js-yaml/loader.js:1519:3)
    at loadDocuments (/home/crphang/markbind/node_modules/js-yaml/lib/js-yaml/loader.js:1575:5)
    at load (/home/crphang/markbind/node_modules/js-yaml/lib/js-yaml/loader.js:1596:19)
    at fastmatter (/home/crphang/markbind/node_modules/fastmatter/index.js:48:37)
    at Page.collectFrontMatter (/home/crphang/markbind/src/Page.js:475:24)
    at markbinder.includeFile.then (/home/crphang/markbind/src/Page.js:795:14)
    at tryCatcher (/home/crphang/markbind/node_modules/bluebird/js/release/util.js:16:23)
    at Promise._settlePromiseFromHandler (/home/crphang/markbind/node_modules/bluebird/js/release/promise.js:517:31)
    at Promise._settlePromise (/home/crphang/markbind/node_modules/bluebird/js/release/promise.js:574:18)
    at Promise._settlePromise0 (/home/crphang/markbind/node_modules/bluebird/js/release/promise.js:619:10)
    at Promise._settlePromises (/home/crphang/markbind/node_modules/bluebird/js/release/promise.js:699:18)
    at _drainQueueStep (/home/crphang/markbind/node_modules/bluebird/js/release/async.js:138:12)
2019-08-12T12:13:11.956Z - warn:  Error: Error while generating /home/crphang/web4/index.md
    at processingFiles.push.page.generate.catch (/home/crphang/markbind/src/Site.js:838:33)
    at tryCatcher (/home/crphang/markbind/node_modules/bluebird/js/release/util.js:16:23)
    at Promise._settlePromiseFromHandler (/home/crphang/markbind/node_modules/bluebird/js/release/promise.js:517:31)
    at Promise._settlePromise (/home/crphang/markbind/node_modules/bluebird/js/release/promise.js:574:18)
    at Promise._settlePromise0 (/home/crphang/markbind/node_modules/bluebird/js/release/promise.js:619:10)
    at Promise._settlePromises (/home/crphang/markbind/node_modules/bluebird/js/release/promise.js:695:18)
    at _drainQueueStep (/home/crphang/markbind/node_modules/bluebird/js/release/async.js:138:12)
    at _drainQueue (/home/crphang/markbind/node_modules/bluebird/js/release/async.js:131:9)
    at Async._drainQueues (/home/crphang/markbind/node_modules/bluebird/js/release/async.js:147:5)
    at Immediate.Async.drainQueues [as _onImmediate] (/home/crphang/markbind/node_modules/bluebird/js/release/async.js:17:14)
    at runCallback (timers.js:705:18)
    at tryOnImmediate (timers.js:676:5)
    at processImmediate (timers.js:658:5)
2019-08-12T12:13:11.979Z - error: Error while generating /home/crphang/web4/index.md
2019-08-12T12:13:13.920Z - info: [8:13:13 PM] Reload for file change: /home/crphang/web4/index.md
2019-08-12T12:13:13.921Z - info: Rebuilding affected source files
2019-08-12T12:13:13.921Z - info: Rebuilding 1 pages
2019-08-12T12:13:14.022Z - info: Pages rebuilt
2019-08-12T12:13:14.023Z - info: Site data built
2019-08-12T12:13:14.024Z - error: Error while generating /home/crphang/web4/index.md
2019-08-12T12:13:14.089Z - info: [8:13:14 PM] Reload for file change: /home/crphang/web4/index.md
2019-08-12T12:13:14.089Z - info: Rebuilding affected source files
2019-08-12T12:13:14.089Z - info: Rebuilding 1 pages
2019-08-12T12:13:14.150Z - info: Pages rebuilt
2019-08-12T12:13:14.150Z - info: Site data built
2019-08-12T12:13:14.151Z - error: Error while generating /home/crphang/web4/index.md
2019-08-12T12:13:17.689Z - info: [8:13:17 PM] Reload for file change: /home/crphang/web4/contents/topic1.md
2019-08-12T12:13:17.689Z - info: Rebuilding affected source files
2019-08-12T12:13:17.689Z - info: Rebuilding 1 pages
2019-08-12T12:13:17.691Z - error:  YAMLException: bad indentation of a mapping entry at line 3, column 10:
      pageNav: 1
             ^
    at generateError (/home/crphang/markbind/node_modules/js-yaml/lib/js-yaml/loader.js:167:10)
    at throwError (/home/crphang/markbind/node_modules/js-yaml/lib/js-yaml/loader.js:173:9)
    at readBlockMapping (/home/crphang/markbind/node_modules/js-yaml/lib/js-yaml/loader.js:1107:7)
    at composeNode (/home/crphang/markbind/node_modules/js-yaml/lib/js-yaml/loader.js:1359:12)
    at readDocument (/home/crphang/markbind/node_modules/js-yaml/lib/js-yaml/loader.js:1519:3)
    at loadDocuments (/home/crphang/markbind/node_modules/js-yaml/lib/js-yaml/loader.js:1575:5)
    at load (/home/crphang/markbind/node_modules/js-yaml/lib/js-yaml/loader.js:1596:19)
    at fastmatter (/home/crphang/markbind/node_modules/fastmatter/index.js:48:37)
    at Page.collectFrontMatter (/home/crphang/markbind/src/Page.js:475:24)
    at markbinder.includeFile.then (/home/crphang/markbind/src/Page.js:795:14)
    at tryCatcher (/home/crphang/markbind/node_modules/bluebird/js/release/util.js:16:23)
    at Promise._settlePromiseFromHandler (/home/crphang/markbind/node_modules/bluebird/js/release/promise.js:517:31)
    at Promise._settlePromise (/home/crphang/markbind/node_modules/bluebird/js/release/promise.js:574:18)
    at Promise._settlePromise0 (/home/crphang/markbind/node_modules/bluebird/js/release/promise.js:619:10)
    at Promise._settlePromises (/home/crphang/markbind/node_modules/bluebird/js/release/promise.js:699:18)
    at _drainQueueStep (/home/crphang/markbind/node_modules/bluebird/js/release/async.js:138:12)
2019-08-12T12:13:17.691Z - warn:  Error: Error while generating /home/crphang/web4/contents/topic1.md
    at processingFiles.push.page.generate.catch (/home/crphang/markbind/src/Site.js:838:33)
    at tryCatcher (/home/crphang/markbind/node_modules/bluebird/js/release/util.js:16:23)
    at Promise._settlePromiseFromHandler (/home/crphang/markbind/node_modules/bluebird/js/release/promise.js:517:31)
    at Promise._settlePromise (/home/crphang/markbind/node_modules/bluebird/js/release/promise.js:574:18)
    at Promise._settlePromise0 (/home/crphang/markbind/node_modules/bluebird/js/release/promise.js:619:10)
    at Promise._settlePromises (/home/crphang/markbind/node_modules/bluebird/js/release/promise.js:695:18)
    at _drainQueueStep (/home/crphang/markbind/node_modules/bluebird/js/release/async.js:138:12)
    at _drainQueue (/home/crphang/markbind/node_modules/bluebird/js/release/async.js:131:9)
    at Async._drainQueues (/home/crphang/markbind/node_modules/bluebird/js/release/async.js:147:5)
    at Immediate.Async.drainQueues [as _onImmediate] (/home/crphang/markbind/node_modules/bluebird/js/release/async.js:17:14)
    at runCallback (timers.js:705:18)
    at tryOnImmediate (timers.js:676:5)
    at processImmediate (timers.js:658:5)
2019-08-12T12:13:17.692Z - error: Error while generating /home/crphang/web4/contents/topic1.md
2019-08-12T12:13:19.515Z - info: [8:13:19 PM] Reload for file change: /home/crphang/web4/contents/topic1.md
2019-08-12T12:13:19.516Z - info: Rebuilding affected source files
2019-08-12T12:13:19.516Z - info: Rebuilding 1 pages
2019-08-12T12:13:19.518Z - error:  YAMLException: bad indentation of a mapping entry at line 3, column 10:
      pageNav: 1
             ^
    at generateError (/home/crphang/markbind/node_modules/js-yaml/lib/js-yaml/loader.js:167:10)
    at throwError (/home/crphang/markbind/node_modules/js-yaml/lib/js-yaml/loader.js:173:9)
    at readBlockMapping (/home/crphang/markbind/node_modules/js-yaml/lib/js-yaml/loader.js:1107:7)
    at composeNode (/home/crphang/markbind/node_modules/js-yaml/lib/js-yaml/loader.js:1359:12)
    at readDocument (/home/crphang/markbind/node_modules/js-yaml/lib/js-yaml/loader.js:1519:3)
    at loadDocuments (/home/crphang/markbind/node_modules/js-yaml/lib/js-yaml/loader.js:1575:5)
    at load (/home/crphang/markbind/node_modules/js-yaml/lib/js-yaml/loader.js:1596:19)
    at fastmatter (/home/crphang/markbind/node_modules/fastmatter/index.js:48:37)
    at Page.collectFrontMatter (/home/crphang/markbind/src/Page.js:475:24)
    at markbinder.includeFile.then (/home/crphang/markbind/src/Page.js:795:14)
    at tryCatcher (/home/crphang/markbind/node_modules/bluebird/js/release/util.js:16:23)
    at Promise._settlePromiseFromHandler (/home/crphang/markbind/node_modules/bluebird/js/release/promise.js:517:31)
    at Promise._settlePromise (/home/crphang/markbind/node_modules/bluebird/js/release/promise.js:574:18)
    at Promise._settlePromise0 (/home/crphang/markbind/node_modules/bluebird/js/release/promise.js:619:10)
    at Promise._settlePromises (/home/crphang/markbind/node_modules/bluebird/js/release/promise.js:699:18)
    at _drainQueueStep (/home/crphang/markbind/node_modules/bluebird/js/release/async.js:138:12)
2019-08-12T12:13:19.518Z - warn:  Error: Error while generating /home/crphang/web4/contents/topic1.md
    at processingFiles.push.page.generate.catch (/home/crphang/markbind/src/Site.js:838:33)
    at tryCatcher (/home/crphang/markbind/node_modules/bluebird/js/release/util.js:16:23)
    at Promise._settlePromiseFromHandler (/home/crphang/markbind/node_modules/bluebird/js/release/promise.js:517:31)
    at Promise._settlePromise (/home/crphang/markbind/node_modules/bluebird/js/release/promise.js:574:18)
    at Promise._settlePromise0 (/home/crphang/markbind/node_modules/bluebird/js/release/promise.js:619:10)
    at Promise._settlePromises (/home/crphang/markbind/node_modules/bluebird/js/release/promise.js:695:18)
    at _drainQueueStep (/home/crphang/markbind/node_modules/bluebird/js/release/async.js:138:12)
    at _drainQueue (/home/crphang/markbind/node_modules/bluebird/js/release/async.js:131:9)
    at Async._drainQueues (/home/crphang/markbind/node_modules/bluebird/js/release/async.js:147:5)
    at Immediate.Async.drainQueues [as _onImmediate] (/home/crphang/markbind/node_modules/bluebird/js/release/async.js:17:14)
    at runCallback (timers.js:705:18)
    at tryOnImmediate (timers.js:676:5)
    at processImmediate (timers.js:658:5)
2019-08-12T12:13:19.518Z - error: Error while generating /home/crphang/web4/contents/topic1.md
2019-08-12T12:13:20.256Z - info: [8:13:20 PM] Reload for file change: /home/crphang/web4/contents/topic1.md
2019-08-12T12:13:20.257Z - info: Rebuilding affected source files
2019-08-12T12:13:20.257Z - info: Rebuilding 1 pages
2019-08-12T12:13:20.258Z - error:  YAMLException: bad indentation of a mapping entry at line 3, column 10:
      pageNav: 1
             ^
    at generateError (/home/crphang/markbind/node_modules/js-yaml/lib/js-yaml/loader.js:167:10)
    at throwError (/home/crphang/markbind/node_modules/js-yaml/lib/js-yaml/loader.js:173:9)
    at readBlockMapping (/home/crphang/markbind/node_modules/js-yaml/lib/js-yaml/loader.js:1107:7)
    at composeNode (/home/crphang/markbind/node_modules/js-yaml/lib/js-yaml/loader.js:1359:12)
    at readDocument (/home/crphang/markbind/node_modules/js-yaml/lib/js-yaml/loader.js:1519:3)
    at loadDocuments (/home/crphang/markbind/node_modules/js-yaml/lib/js-yaml/loader.js:1575:5)
    at load (/home/crphang/markbind/node_modules/js-yaml/lib/js-yaml/loader.js:1596:19)
    at fastmatter (/home/crphang/markbind/node_modules/fastmatter/index.js:48:37)
    at Page.collectFrontMatter (/home/crphang/markbind/src/Page.js:475:24)
    at markbinder.includeFile.then (/home/crphang/markbind/src/Page.js:795:14)
    at tryCatcher (/home/crphang/markbind/node_modules/bluebird/js/release/util.js:16:23)
    at Promise._settlePromiseFromHandler (/home/crphang/markbind/node_modules/bluebird/js/release/promise.js:517:31)
    at Promise._settlePromise (/home/crphang/markbind/node_modules/bluebird/js/release/promise.js:574:18)
    at Promise._settlePromise0 (/home/crphang/markbind/node_modules/bluebird/js/release/promise.js:619:10)
    at Promise._settlePromises (/home/crphang/markbind/node_modules/bluebird/js/release/promise.js:699:18)
    at _drainQueueStep (/home/crphang/markbind/node_modules/bluebird/js/release/async.js:138:12)
2019-08-12T12:13:20.259Z - warn:  Error: Error while generating /home/crphang/web4/contents/topic1.md
    at processingFiles.push.page.generate.catch (/home/crphang/markbind/src/Site.js:838:33)
    at tryCatcher (/home/crphang/markbind/node_modules/bluebird/js/release/util.js:16:23)
    at Promise._settlePromiseFromHandler (/home/crphang/markbind/node_modules/bluebird/js/release/promise.js:517:31)
    at Promise._settlePromise (/home/crphang/markbind/node_modules/bluebird/js/release/promise.js:574:18)
    at Promise._settlePromise0 (/home/crphang/markbind/node_modules/bluebird/js/release/promise.js:619:10)
    at Promise._settlePromises (/home/crphang/markbind/node_modules/bluebird/js/release/promise.js:695:18)
    at _drainQueueStep (/home/crphang/markbind/node_modules/bluebird/js/release/async.js:138:12)
    at _drainQueue (/home/crphang/markbind/node_modules/bluebird/js/release/async.js:131:9)
    at Async._drainQueues (/home/crphang/markbind/node_modules/bluebird/js/release/async.js:147:5)
    at Immediate.Async.drainQueues [as _onImmediate] (/home/crphang/markbind/node_modules/bluebird/js/release/async.js:17:14)
    at runCallback (timers.js:705:18)
    at tryOnImmediate (timers.js:676:5)
    at processImmediate (timers.js:658:5)
2019-08-12T12:13:20.259Z - error: Error while generating /home/crphang/web4/contents/topic1.md
2019-08-12T12:13:20.417Z - info: [8:13:20 PM] Reload for file change: /home/crphang/web4/contents/topic1.md
2019-08-12T12:13:20.417Z - info: Rebuilding affected source files
2019-08-12T12:13:20.417Z - info: Rebuilding 1 pages
2019-08-12T12:13:20.419Z - error:  YAMLException: bad indentation of a mapping entry at line 3, column 10:
      pageNav: 1
             ^
    at generateError (/home/crphang/markbind/node_modules/js-yaml/lib/js-yaml/loader.js:167:10)
    at throwError (/home/crphang/markbind/node_modules/js-yaml/lib/js-yaml/loader.js:173:9)
    at readBlockMapping (/home/crphang/markbind/node_modules/js-yaml/lib/js-yaml/loader.js:1107:7)
    at composeNode (/home/crphang/markbind/node_modules/js-yaml/lib/js-yaml/loader.js:1359:12)
    at readDocument (/home/crphang/markbind/node_modules/js-yaml/lib/js-yaml/loader.js:1519:3)
    at loadDocuments (/home/crphang/markbind/node_modules/js-yaml/lib/js-yaml/loader.js:1575:5)
    at load (/home/crphang/markbind/node_modules/js-yaml/lib/js-yaml/loader.js:1596:19)
    at fastmatter (/home/crphang/markbind/node_modules/fastmatter/index.js:48:37)
    at Page.collectFrontMatter (/home/crphang/markbind/src/Page.js:475:24)
    at markbinder.includeFile.then (/home/crphang/markbind/src/Page.js:795:14)
    at tryCatcher (/home/crphang/markbind/node_modules/bluebird/js/release/util.js:16:23)
    at Promise._settlePromiseFromHandler (/home/crphang/markbind/node_modules/bluebird/js/release/promise.js:517:31)
    at Promise._settlePromise (/home/crphang/markbind/node_modules/bluebird/js/release/promise.js:574:18)
    at Promise._settlePromise0 (/home/crphang/markbind/node_modules/bluebird/js/release/promise.js:619:10)
    at Promise._settlePromises (/home/crphang/markbind/node_modules/bluebird/js/release/promise.js:699:18)
    at _drainQueueStep (/home/crphang/markbind/node_modules/bluebird/js/release/async.js:138:12)
2019-08-12T12:13:20.419Z - warn:  Error: Error while generating /home/crphang/web4/contents/topic1.md
    at processingFiles.push.page.generate.catch (/home/crphang/markbind/src/Site.js:838:33)
    at tryCatcher (/home/crphang/markbind/node_modules/bluebird/js/release/util.js:16:23)
    at Promise._settlePromiseFromHandler (/home/crphang/markbind/node_modules/bluebird/js/release/promise.js:517:31)
    at Promise._settlePromise (/home/crphang/markbind/node_modules/bluebird/js/release/promise.js:574:18)
    at Promise._settlePromise0 (/home/crphang/markbind/node_modules/bluebird/js/release/promise.js:619:10)
    at Promise._settlePromises (/home/crphang/markbind/node_modules/bluebird/js/release/promise.js:695:18)
    at _drainQueueStep (/home/crphang/markbind/node_modules/bluebird/js/release/async.js:138:12)
    at _drainQueue (/home/crphang/markbind/node_modules/bluebird/js/release/async.js:131:9)
    at Async._drainQueues (/home/crphang/markbind/node_modules/bluebird/js/release/async.js:147:5)
    at Immediate.Async.drainQueues [as _onImmediate] (/home/crphang/markbind/node_modules/bluebird/js/release/async.js:17:14)
    at runCallback (timers.js:705:18)
    at tryOnImmediate (timers.js:676:5)
    at processImmediate (timers.js:658:5)
2019-08-12T12:13:20.419Z - error: Error while generating /home/crphang/web4/contents/topic1.md
2019-08-12T12:13:22.121Z - info: [8:13:22 PM] Reload for file change: /home/crphang/web4/contents/topic1.md
2019-08-12T12:13:22.121Z - info: Rebuilding affected source files
2019-08-12T12:13:22.121Z - info: Rebuilding 1 pages
2019-08-12T12:13:22.149Z - info: Pages rebuilt
2019-08-12T12:13:22.150Z - info: Site data built
2019-08-12T12:13:22.150Z - error: Error while generating /home/crphang/web4/contents/topic1.md
2019-08-12T12:13:22.282Z - info: [8:13:22 PM] Reload for file change: /home/crphang/web4/contents/topic1.md
2019-08-12T12:13:22.282Z - info: Rebuilding affected source files
2019-08-12T12:13:22.283Z - info: Rebuilding 1 pages
2019-08-12T12:13:22.309Z - info: Pages rebuilt
2019-08-12T12:13:22.309Z - info: Site data built
2019-08-12T12:13:22.310Z - error: Error while generating /home/crphang/web4/contents/topic1.md
2019-08-12T12:13:50.390Z - info: [8:13:50 PM] Reload for file change: /home/crphang/web4/contents/topic1.md
2019-08-12T12:13:50.390Z - info: Rebuilding affected source files
2019-08-12T12:13:50.391Z - info: Rebuilding 1 pages
2019-08-12T12:13:50.416Z - info: Pages rebuilt
2019-08-12T12:13:50.416Z - info: Site data built
2019-08-12T12:13:50.416Z - error: Error while generating /home/crphang/web4/contents/topic1.md
2019-08-12T12:13:53.282Z - info: [8:13:53 PM] Reload for file change: /home/crphang/web4/contents/topic1.md
2019-08-12T12:13:53.282Z - info: Rebuilding affected source files
2019-08-12T12:13:53.283Z - info: Rebuilding 1 pages
2019-08-12T12:13:53.310Z - info: Pages rebuilt
2019-08-12T12:13:53.311Z - info: Site data built
2019-08-12T12:13:53.312Z - error: Error while generating /home/crphang/web4/contents/topic1.md
2019-08-12T12:13:53.432Z - info: [8:13:53 PM] Reload for file change: /home/crphang/web4/contents/topic1.md
2019-08-12T12:13:53.433Z - info: Rebuilding affected source files
2019-08-12T12:13:53.433Z - info: Rebuilding 1 pages
2019-08-12T12:13:53.461Z - info: Pages rebuilt
2019-08-12T12:13:53.465Z - info: Site data built
2019-08-12T12:13:53.466Z - error: Error while generating /home/crphang/web4/contents/topic1.md
2019-08-12T12:14:11.993Z - info: [8:14:11 PM] Reload for file change: /home/crphang/web4/index.md
2019-08-12T12:14:11.993Z - info: Rebuilding affected source files
2019-08-12T12:14:11.993Z - info: Rebuilding 1 pages
2019-08-12T12:14:12.066Z - info: Pages rebuilt
2019-08-12T12:14:12.067Z - info: Site data built
2019-08-12T12:14:12.067Z - error: Error while generating /home/crphang/web4/contents/topic1.md
2019-08-12T12:14:13.209Z - info: [8:14:13 PM] Reload for file change: /home/crphang/web4/index.md
2019-08-12T12:14:13.210Z - info: Rebuilding affected source files
2019-08-12T12:14:13.210Z - info: Rebuilding 1 pages
2019-08-12T12:14:13.258Z - info: Pages rebuilt
2019-08-12T12:14:13.259Z - info: Site data built
2019-08-12T12:14:13.259Z - error: Error while generating /home/crphang/web4/contents/topic1.md
2019-08-12T12:14:13.362Z - info: [8:14:13 PM] Reload for file change: /home/crphang/web4/index.md
2019-08-12T12:14:13.362Z - info: Rebuilding affected source files
2019-08-12T12:14:13.362Z - info: Rebuilding 1 pages
2019-08-12T12:14:13.405Z - info: Pages rebuilt
2019-08-12T12:14:13.406Z - info: Site data built
2019-08-12T12:14:13.407Z - error: Error while generating /home/crphang/web4/contents/topic1.md
2019-08-12T12:14:13.497Z - info: [8:14:13 PM] Reload for file change: /home/crphang/web4/index.md
2019-08-12T12:14:13.497Z - info: Rebuilding affected source files
2019-08-12T12:14:13.497Z - info: Rebuilding 1 pages
2019-08-12T12:14:13.540Z - info: Pages rebuilt
2019-08-12T12:14:13.544Z - info: Site data built
2019-08-12T12:14:13.545Z - error: Error while generating /home/crphang/web4/contents/topic1.md
2019-08-12T12:15:14.749Z - info: Website generation started at 8:15:14 PM
2019-08-12T12:15:14.769Z - info: Building assets...
2019-08-12T12:15:14.781Z - info: Assets built
2019-08-12T12:15:14.782Z - info: Generating pages...
2019-08-12T12:15:15.022Z - info: Pages built
2019-08-12T12:15:15.063Z - info: Website generation complete! Total build time: 0.32s
2019-08-12T12:15:15.078Z - info: Serving "/home/crphang/web4/_site" at http://127.0.0.1:8080
2019-08-12T12:15:15.079Z - info: Press CTRL+C to stop ...
2019-08-12T12:15:15.083Z - info: Site data built
2019-08-12T12:15:27.001Z - info: [8:15:27 PM] Reload for file change: /home/crphang/web4/index.md
2019-08-12T12:15:27.153Z - info: [8:15:27 PM] Reload for file change: /home/crphang/web4/index.md
2019-08-12T12:15:28.002Z - info: Rebuilding affected source files
2019-08-12T12:15:28.003Z - info: Rebuilding 1 pages
2019-08-12T12:15:28.093Z - info: Pages rebuilt
2019-08-12T12:15:28.094Z - info: Site data built
2019-08-12T12:15:45.105Z - info: [8:15:45 PM] Reload for file change: /home/crphang/web4/contents/topic1.md
2019-08-12T12:15:45.288Z - info: [8:15:45 PM] Reload for file change: /home/crphang/web4/contents/topic1.md
2019-08-12T12:15:45.441Z - info: [8:15:45 PM] Reload for file change: /home/crphang/web4/contents/topic1.md
2019-08-12T12:15:46.105Z - info: Rebuilding affected source files
2019-08-12T12:15:46.106Z - info: Rebuilding 1 pages
2019-08-12T12:15:46.135Z - info: Pages rebuilt
2019-08-12T12:15:46.136Z - info: Site data built
2019-08-12T12:15:51.440Z - info: [8:15:51 PM] Reload for file change: /home/crphang/web4/contents/topic1.md
2019-08-12T12:15:51.641Z - info: [8:15:51 PM] Reload for file change: /home/crphang/web4/contents/topic1.md
2019-08-12T12:15:52.440Z - info: Rebuilding affected source files
2019-08-12T12:15:52.440Z - info: Rebuilding 1 pages
2019-08-12T12:15:52.469Z - info: Pages rebuilt
2019-08-12T12:15:52.470Z - info: Site data built
2019-08-12T12:15:53.201Z - info: [8:15:53 PM] Reload for file change: /home/crphang/web4/contents/topic1.md
2019-08-12T12:15:53.368Z - info: [8:15:53 PM] Reload for file change: /home/crphang/web4/contents/topic1.md
2019-08-12T12:15:54.201Z - info: Rebuilding affected source files
2019-08-12T12:15:54.202Z - info: Rebuilding 1 pages
2019-08-12T12:15:54.227Z - info: Pages rebuilt
2019-08-12T12:15:54.227Z - info: Site data built
2019-08-12T12:15:57.896Z - info: [8:15:57 PM] Reload for file change: /home/crphang/web4/contents/topic1.md
2019-08-12T12:15:58.048Z - info: [8:15:58 PM] Reload for file change: /home/crphang/web4/contents/topic1.md
2019-08-12T12:15:58.896Z - info: Rebuilding affected source files
2019-08-12T12:15:58.897Z - info: Rebuilding 1 pages
2019-08-12T12:15:58.920Z - info: Pages rebuilt
2019-08-12T12:15:58.921Z - info: Site data built
2019-08-12T12:16:36.361Z - info: [8:16:36 PM] Reload for file change: /home/crphang/web4/contents/topic2.md
2019-08-12T12:16:37.361Z - info: Rebuilding affected source files
2019-08-12T12:16:37.362Z - info: Rebuilding 1 pages
2019-08-12T12:16:37.370Z - info: Pages rebuilt
2019-08-12T12:16:37.371Z - info: Site data built
2019-08-12T12:16:43.356Z - info: [8:16:43 PM] Reload for file change: /home/crphang/web4/contents/topic2.md
2019-08-12T12:16:44.356Z - info: Rebuilding affected source files
2019-08-12T12:16:44.357Z - info: Rebuilding 1 pages
2019-08-12T12:16:44.369Z - info: Pages rebuilt
2019-08-12T12:16:44.370Z - info: Site data built
2019-08-12T12:16:45.595Z - info: [8:16:45 PM] Reload for file change: /home/crphang/web4/contents/topic2.md
2019-08-12T12:16:46.595Z - info: Rebuilding affected source files
2019-08-12T12:16:46.595Z - info: Rebuilding 1 pages
2019-08-12T12:16:46.605Z - info: Pages rebuilt
2019-08-12T12:16:46.605Z - info: Site data built
2019-08-12T12:16:47.936Z - info: [8:16:47 PM] Reload for file change: /home/crphang/web4/contents/topic2.md
2019-08-12T12:16:48.936Z - info: Rebuilding affected source files
2019-08-12T12:16:48.937Z - info: Rebuilding 1 pages
2019-08-12T12:16:48.945Z - info: Pages rebuilt
2019-08-12T12:16:48.946Z - info: Site data built
2019-08-12T12:16:56.673Z - info: [8:16:56 PM] Reload for file change: /home/crphang/web4/contents/topic2.md
2019-08-12T12:16:56.856Z - info: [8:16:56 PM] Reload for file change: /home/crphang/web4/contents/topic2.md
2019-08-12T12:16:56.977Z - info: [8:16:56 PM] Reload for file change: /home/crphang/web4/contents/topic2.md
2019-08-12T12:16:57.673Z - info: Rebuilding affected source files
2019-08-12T12:16:57.674Z - info: Rebuilding 1 pages
2019-08-12T12:16:57.707Z - info: Pages rebuilt
2019-08-12T12:16:57.708Z - info: Site data built
2019-08-12T12:17:03.921Z - info: [8:17:03 PM] Reload for file change: /home/crphang/web4/contents/topic2.md
2019-08-12T12:17:04.073Z - info: [8:17:04 PM] Reload for file change: /home/crphang/web4/contents/topic2.md
2019-08-12T12:17:04.922Z - info: Rebuilding affected source files
2019-08-12T12:17:04.922Z - info: Rebuilding 1 pages
2019-08-12T12:17:04.942Z - info: Pages rebuilt
2019-08-12T12:17:04.943Z - info: Site data built
2019-08-12T12:17:35.307Z - info: [8:17:35 PM] Reload for file change: /home/crphang/web4/contents/topic2.md
2019-08-12T12:17:36.308Z - info: Rebuilding affected source files
2019-08-12T12:17:36.309Z - info: Rebuilding 1 pages
2019-08-12T12:17:36.333Z - info: Pages rebuilt
2019-08-12T12:17:36.334Z - info: Site data built
2019-08-12T12:17:38.297Z - info: [8:17:38 PM] Reload for file change: /home/crphang/web4/contents/topic2.md
2019-08-12T12:17:39.113Z - info: [8:17:39 PM] Reload for file change: /home/crphang/web4/contents/topic2.md
2019-08-12T12:17:39.248Z - info: [8:17:39 PM] Reload for file change: /home/crphang/web4/contents/topic2.md
2019-08-12T12:17:39.298Z - info: Rebuilding affected source files
2019-08-12T12:17:39.298Z - info: Rebuilding 1 pages
2019-08-12T12:17:39.327Z - info: Pages rebuilt
2019-08-12T12:17:39.332Z - info: Site data built
2019-08-12T12:17:44.929Z - info: [8:17:44 PM] Reload for file change: /home/crphang/web4/contents/topic2.md
2019-08-12T12:17:45.929Z - info: Rebuilding affected source files
2019-08-12T12:17:45.930Z - info: Rebuilding 1 pages
2019-08-12T12:17:45.959Z - info: Pages rebuilt
2019-08-12T12:17:45.960Z - info: Site data built
2019-08-12T12:18:34.384Z - info: [8:18:34 PM] Reload for file change: /home/crphang/web4/contents/topic2.md
2019-08-12T12:18:34.552Z - info: [8:18:34 PM] Reload for file change: /home/crphang/web4/contents/topic2.md
2019-08-12T12:18:34.688Z - info: [8:18:34 PM] Reload for file change: /home/crphang/web4/contents/topic2.md
2019-08-12T12:18:35.385Z - info: Rebuilding affected source files
2019-08-12T12:18:35.386Z - info: Rebuilding 1 pages
2019-08-12T12:18:35.420Z - info: Pages rebuilt
2019-08-12T12:18:35.421Z - info: Site data built
2019-08-12T12:18:41.074Z - info: [8:18:41 PM] Reload for file change: /home/crphang/web4/contents/topic2.md
2019-08-12T12:18:41.537Z - info: [8:18:41 PM] Reload for file change: /home/crphang/web4/contents/topic2.md
2019-08-12T12:18:41.720Z - info: [8:18:41 PM] Reload for file change: /home/crphang/web4/contents/topic2.md
2019-08-12T12:18:42.074Z - info: Rebuilding affected source files
2019-08-12T12:18:42.074Z - info: Rebuilding 1 pages
2019-08-12T12:18:42.098Z - info: Pages rebuilt
2019-08-12T12:18:42.098Z - info: Site data built
2019-08-12T12:19:21.401Z - info: [8:19:21 PM] Reload for file change: /home/crphang/web4/contents/topic2.md
2019-08-12T12:19:21.568Z - info: [8:19:21 PM] Reload for file change: /home/crphang/web4/contents/topic2.md
2019-08-12T12:19:22.401Z - info: Rebuilding affected source files
2019-08-12T12:19:22.402Z - info: Rebuilding 1 pages
2019-08-12T12:19:22.427Z - info: Pages rebuilt
2019-08-12T12:19:22.428Z - info: Site data built
2019-08-12T12:19:25.199Z - info: [8:19:25 PM] Reload for file change: /home/crphang/web4/contents/topic2.md
2019-08-12T12:19:25.384Z - info: [8:19:25 PM] Reload for file change: /home/crphang/web4/contents/topic2.md
2019-08-12T12:19:25.524Z - info: [8:19:25 PM] Reload for file change: /home/crphang/web4/contents/topic2.md
2019-08-12T12:19:26.200Z - info: Rebuilding affected source files
2019-08-12T12:19:26.200Z - info: Rebuilding 1 pages
2019-08-12T12:19:26.222Z - info: Pages rebuilt
2019-08-12T12:19:26.223Z - info: Site data built
2019-08-12T12:20:34.274Z - info: [8:20:34 PM] Reload for file change: /home/crphang/web4/contents/topic2.md
2019-08-12T12:20:35.274Z - info: Rebuilding affected source files
2019-08-12T12:20:35.275Z - info: Rebuilding 1 pages
2019-08-12T12:20:35.296Z - info: Pages rebuilt
2019-08-12T12:20:35.297Z - info: Site data built
2019-08-12T12:20:35.921Z - info: [8:20:35 PM] Reload for file change: /home/crphang/web4/contents/topic2.md
2019-08-12T12:20:36.921Z - info: Rebuilding affected source files
2019-08-12T12:20:36.922Z - info: Rebuilding 1 pages
2019-08-12T12:20:36.949Z - info: Pages rebuilt
2019-08-12T12:20:36.950Z - info: Site data built
2019-08-12T12:20:38.888Z - info: [8:20:38 PM] Reload for file change: /home/crphang/web4/contents/topic2.md
2019-08-12T12:20:39.056Z - info: [8:20:39 PM] Reload for file change: /home/crphang/web4/contents/topic2.md
2019-08-12T12:20:39.889Z - info: Rebuilding affected source files
2019-08-12T12:20:39.889Z - info: Rebuilding 1 pages
2019-08-12T12:20:39.909Z - info: Pages rebuilt
2019-08-12T12:20:39.910Z - info: Site data built
2019-08-12T12:20:57.840Z - info: [8:20:57 PM] Reload for file change: /home/crphang/web4/contents/topic2.md
2019-08-12T12:20:58.841Z - info: Rebuilding affected source files
2019-08-12T12:20:58.841Z - info: Rebuilding 1 pages
2019-08-12T12:20:58.865Z - info: Pages rebuilt
2019-08-12T12:20:58.866Z - info: Site data built
2019-08-12T12:21:00.072Z - info: [8:21:00 PM] Reload for file change: /home/crphang/web4/contents/topic2.md
2019-08-12T12:21:00.257Z - info: [8:21:00 PM] Reload for file change: /home/crphang/web4/contents/topic2.md
2019-08-12T12:21:01.072Z - info: Rebuilding affected source files
2019-08-12T12:21:01.073Z - info: Rebuilding 1 pages
2019-08-12T12:21:01.095Z - info: Pages rebuilt
2019-08-12T12:21:01.096Z - info: Site data built
2019-08-12T12:21:25.350Z - info: [8:21:25 PM] Reload for file change: /home/crphang/web4/contents/topic2.md
2019-08-12T12:21:26.351Z - info: Rebuilding affected source files
2019-08-12T12:21:26.351Z - info: Rebuilding 1 pages
2019-08-12T12:21:26.371Z - info: Pages rebuilt
2019-08-12T12:21:26.371Z - info: Site data built
2019-08-12T12:21:28.049Z - info: [8:21:28 PM] Reload for file change: /home/crphang/web4/contents/topic2.md
2019-08-12T12:21:29.049Z - info: Rebuilding affected source files
2019-08-12T12:21:29.050Z - info: Rebuilding 1 pages
2019-08-12T12:21:29.069Z - info: Pages rebuilt
2019-08-12T12:21:29.072Z - info: Site data built
2019-08-12T12:21:34.162Z - info: [8:21:34 PM] Reload for file change: /home/crphang/web4/contents/topic2.md
2019-08-12T12:21:35.163Z - info: Rebuilding affected source files
2019-08-12T12:21:35.164Z - info: Rebuilding 1 pages
2019-08-12T12:21:35.202Z - info: [8:21:35 PM] Reload for file change: /home/crphang/web4/contents/topic2.md
2019-08-12T12:21:35.204Z - info: Pages rebuilt
2019-08-12T12:21:35.204Z - info: Site data built
2019-08-12T12:21:35.334Z - info: [8:21:35 PM] Reload for file change: /home/crphang/web4/contents/topic2.md
2019-08-12T12:21:36.202Z - info: Rebuilding affected source files
2019-08-12T12:21:36.202Z - info: Rebuilding 1 pages
2019-08-12T12:21:36.222Z - info: Pages rebuilt
2019-08-12T12:21:36.223Z - info: Site data built
2019-08-12T12:21:48.008Z - info: [8:21:48 PM] Reload for file change: /home/crphang/web4/contents/topic2.md
2019-08-12T12:21:48.176Z - info: [8:21:48 PM] Reload for file change: /home/crphang/web4/contents/topic2.md
2019-08-12T12:21:49.008Z - info: Rebuilding affected source files
2019-08-12T12:21:49.008Z - info: Rebuilding 1 pages
2019-08-12T12:21:49.031Z - info: Pages rebuilt
2019-08-12T12:21:49.032Z - info: Site data built
2019-08-12T12:21:54.720Z - info: [8:21:54 PM] Reload for file change: /home/crphang/web4/contents/topic2.md
2019-08-12T12:21:54.888Z - info: [8:21:54 PM] Reload for file change: /home/crphang/web4/contents/topic2.md
2019-08-12T12:21:55.721Z - info: Rebuilding affected source files
2019-08-12T12:21:55.721Z - info: Rebuilding 1 pages
2019-08-12T12:21:55.749Z - info: Pages rebuilt
2019-08-12T12:21:55.750Z - info: Site data built
2019-08-12T12:22:04.679Z - info: [8:22:04 PM] Reload for file change: /home/crphang/web4/contents/topic2.md
2019-08-12T12:22:05.680Z - info: Rebuilding affected source files
2019-08-12T12:22:05.680Z - info: Rebuilding 1 pages
2019-08-12T12:22:05.699Z - info: Pages rebuilt
2019-08-12T12:22:05.700Z - info: Site data built
2019-08-12T12:58:30.503Z - info: [8:58:30 PM] Reload for file change: /home/crphang/web4/contents/topic3.md
2019-08-12T12:58:31.503Z - info: Rebuilding affected source files
2019-08-12T12:58:31.503Z - info: Rebuilding 1 pages
2019-08-12T12:58:31.523Z - info: Pages rebuilt
2019-08-12T12:58:31.523Z - info: Site data built
2019-08-12T12:58:32.762Z - info: [8:58:32 PM] Reload for file change: /home/crphang/web4/contents/topic4a.md
2019-08-12T12:58:33.763Z - info: Rebuilding affected source files
2019-08-12T12:58:33.763Z - info: Rebuilding 1 pages
2019-08-12T12:58:33.781Z - info: Pages rebuilt
2019-08-12T12:58:33.782Z - info: Site data built
2019-08-12T12:58:34.938Z - info: [8:58:34 PM] Reload for file change: /home/crphang/web4/contents/topic4b.md
2019-08-12T12:58:35.632Z - info: [8:58:35 PM] Reload for file change: /home/crphang/web4/contents/topic5.md
2019-08-12T12:58:35.800Z - info: [8:58:35 PM] Reload for file change: /home/crphang/web4/contents/topic5.md
2019-08-12T12:58:35.937Z - info: Rebuilding affected source files
2019-08-12T12:58:35.938Z - info: Rebuilding 2 pages
2019-08-12T12:58:35.967Z - info: Pages rebuilt
2019-08-12T12:58:35.968Z - info: Site data built
2019-08-12T12:58:50.487Z - info: [8:58:50 PM] Reload for file change: /home/crphang/web4/_markbind/headers/header.md
2019-08-12T12:58:51.488Z - info: Rebuilding affected source files
2019-08-12T12:58:51.488Z - info: Rebuilding 7 pages
2019-08-12T12:58:51.627Z - info: Pages rebuilt
2019-08-12T12:58:51.628Z - info: Site data built
2019-08-12T12:58:53.034Z - info: [8:58:53 PM] Reload for file change: /home/crphang/web4/_markbind/headers/header.md
2019-08-12T12:58:54.035Z - info: Rebuilding affected source files
2019-08-12T12:58:54.035Z - info: Rebuilding 7 pages
2019-08-12T12:58:54.158Z - info: Pages rebuilt
2019-08-12T12:58:54.159Z - info: Site data built
2019-08-12T12:58:55.281Z - info: [8:58:55 PM] Reload for file change: /home/crphang/web4/_markbind/headers/header.md
2019-08-12T12:58:55.432Z - info: [8:58:55 PM] Reload for file change: /home/crphang/web4/_markbind/headers/header.md
2019-08-12T12:58:56.282Z - info: Rebuilding affected source files
2019-08-12T12:58:56.282Z - info: Rebuilding 7 pages
2019-08-12T12:58:56.443Z - info: Pages rebuilt
2019-08-12T12:58:56.444Z - info: Site data built
2019-08-12T12:58:58.552Z - info: [8:58:58 PM] Reload for file change: /home/crphang/web4/_markbind/headers/header.md
2019-08-12T12:58:59.552Z - info: Rebuilding affected source files
2019-08-12T12:58:59.553Z - info: Rebuilding 7 pages
2019-08-12T12:58:59.671Z - info: Pages rebuilt
2019-08-12T12:58:59.672Z - info: Site data built
2019-08-12T12:59:01.175Z - info: [8:59:01 PM] Reload for file change: /home/crphang/web4/_markbind/headers/header.md
2019-08-12T12:59:01.344Z - info: [8:59:01 PM] Reload for file change: /home/crphang/web4/_markbind/headers/header.md
2019-08-12T12:59:02.176Z - info: Rebuilding affected source files
2019-08-12T12:59:02.176Z - info: Rebuilding 7 pages
2019-08-12T12:59:02.337Z - info: Pages rebuilt
2019-08-12T12:59:02.338Z - info: Site data built
2019-08-12T12:59:15.993Z - info: [8:59:15 PM] Reload for file change: /home/crphang/web4/contents/topic1.md
2019-08-12T12:59:16.600Z - info: [8:59:16 PM] Reload for file change: /home/crphang/web4/contents/topic1.md
2019-08-12T12:59:16.752Z - info: [8:59:16 PM] Reload for file change: /home/crphang/web4/contents/topic1.md
2019-08-12T12:59:16.994Z - info: Rebuilding affected source files
2019-08-12T12:59:16.994Z - info: Rebuilding 1 pages
2019-08-12T12:59:17.031Z - info: Pages rebuilt
2019-08-12T12:59:17.032Z - info: Site data built
2019-08-12T12:59:39.720Z - info: [8:59:39 PM] Reload for file change: /home/crphang/web4/contents/topic1.md
2019-08-12T12:59:39.904Z - info: [8:59:39 PM] Reload for file change: /home/crphang/web4/contents/topic1.md
2019-08-12T12:59:40.721Z - info: Rebuilding affected source files
2019-08-12T12:59:40.721Z - info: Rebuilding 1 pages
2019-08-12T12:59:40.750Z - info: Pages rebuilt
2019-08-12T12:59:40.750Z - info: Site data built
2019-08-12T12:59:57.009Z - info: [8:59:57 PM] Reload for file change: /home/crphang/web4/_markbind/headers/header.md
2019-08-12T12:59:58.009Z - info: Rebuilding affected source files
2019-08-12T12:59:58.010Z - info: Rebuilding 7 pages
2019-08-12T12:59:58.192Z - info: Pages rebuilt
2019-08-12T12:59:58.196Z - info: Site data built
2019-08-12T13:00:07.241Z - info: [9:00:07 PM] Reload for file deletion: /home/crphang/web4/contents/topic3.md
2019-08-12T13:00:08.243Z - warn: Rebuilding all source files
2019-08-12T13:00:09.250Z - info: Assets removed
2019-08-12T13:00:09.250Z - info: Generating pages...
2019-08-12T13:00:09.425Z - info: Pages built
2019-08-12T13:00:19.336Z - info: [9:00:19 PM] Reload for file add: /home/crphang/web4/contents/topic3a.md
2019-08-12T13:00:19.436Z - info: [9:00:19 PM] Reload for file deletion: /home/crphang/web4/contents/topic4a.md
2019-08-12T13:00:20.336Z - warn: Rebuilding all source files
2019-08-12T13:00:21.344Z - info: Assets removed
2019-08-12T13:00:21.344Z - info: Generating pages...
2019-08-12T13:00:21.500Z - info: Pages built
2019-08-12T13:00:22.621Z - info: [9:00:22 PM] Reload for file add: /home/crphang/web4/contents/topic3b.md
2019-08-12T13:00:22.721Z - info: [9:00:22 PM] Reload for file deletion: /home/crphang/web4/contents/topic4b.md
2019-08-12T13:00:23.622Z - warn: Rebuilding all source files
2019-08-12T13:00:24.631Z - info: Assets removed
2019-08-12T13:00:24.631Z - info: Generating pages...
2019-08-12T13:00:24.779Z - info: Pages built
2019-08-12T13:00:25.186Z - info: [9:00:25 PM] Reload for file deletion: /home/crphang/web4/contents/topic5.md
2019-08-12T13:00:26.188Z - warn: Rebuilding all source files
2019-08-12T13:00:27.194Z - info: Assets removed
2019-08-12T13:00:27.194Z - info: Generating pages...
2019-08-12T13:00:27.317Z - info: Pages built
2019-08-12T13:00:29.800Z - info: [9:00:29 PM] Reload for file change: /home/crphang/web4/_markbind/headers/header.md
2019-08-12T13:00:29.968Z - info: [9:00:29 PM] Reload for file change: /home/crphang/web4/_markbind/headers/header.md
2019-08-12T13:00:30.801Z - info: Rebuilding affected source files
2019-08-12T13:00:30.801Z - info: Rebuilding 5 pages
2019-08-12T13:00:30.876Z - info: Pages rebuilt
2019-08-12T13:00:30.877Z - info: Site data built
2019-08-12T13:02:06.425Z - info: [9:02:06 PM] Reload for file change: /home/crphang/web4/contents/topic3a.md
2019-08-12T13:02:06.576Z - info: [9:02:06 PM] Reload for file change: /home/crphang/web4/contents/topic3a.md
2019-08-12T13:02:07.426Z - info: Rebuilding affected source files
2019-08-12T13:02:07.426Z - info: Rebuilding 1 pages
2019-08-12T13:02:07.457Z - info: Pages rebuilt
2019-08-12T13:02:07.458Z - info: Site data built
2019-08-12T13:02:23.871Z - info: [9:02:23 PM] Reload for file change: /home/crphang/web4/contents/topic3b.md
2019-08-12T13:02:24.039Z - info: [9:02:24 PM] Reload for file change: /home/crphang/web4/contents/topic3b.md
2019-08-12T13:02:24.207Z - info: [9:02:24 PM] Reload for file change: /home/crphang/web4/contents/topic3b.md
2019-08-12T13:02:24.871Z - info: Rebuilding affected source files
2019-08-12T13:02:24.871Z - info: Rebuilding 1 pages
2019-08-12T13:02:24.903Z - info: Pages rebuilt
2019-08-12T13:02:24.904Z - info: Site data built
2019-08-12T13:02:56.878Z - info: [9:02:56 PM] Reload for file change: /home/crphang/web4/contents/topic2.md
2019-08-12T13:02:57.046Z - info: [9:02:57 PM] Reload for file change: /home/crphang/web4/contents/topic2.md
2019-08-12T13:02:57.879Z - info: Rebuilding affected source files
2019-08-12T13:02:57.879Z - info: Rebuilding 1 pages
2019-08-12T13:02:57.907Z - info: Pages rebuilt
2019-08-12T13:02:57.908Z - info: Site data built
2019-08-12T13:03:45.220Z - info: [9:03:45 PM] Reload for file change: /home/crphang/web4/_markbind/navigation/site-nav.md
2019-08-12T13:03:45.373Z - info: [9:03:45 PM] Reload for file change: /home/crphang/web4/_markbind/navigation/site-nav.md
2019-08-12T13:03:46.221Z - info: Rebuilding affected source files
2019-08-12T13:03:46.221Z - info: Rebuilding 5 pages
2019-08-12T13:03:46.356Z - info: Pages rebuilt
2019-08-12T13:03:46.362Z - info: Site data built
2019-08-12T13:03:53.892Z - info: [9:03:53 PM] Reload for file change: /home/crphang/web4/_markbind/navigation/site-nav.md
2019-08-12T13:03:54.060Z - info: [9:03:54 PM] Reload for file change: /home/crphang/web4/_markbind/navigation/site-nav.md
2019-08-12T13:03:54.893Z - info: Rebuilding affected source files
2019-08-12T13:03:54.894Z - info: Rebuilding 5 pages
2019-08-12T13:03:54.995Z - info: Pages rebuilt
2019-08-12T13:03:54.996Z - info: Site data built
2019-08-12T13:03:56.830Z - info: [9:03:56 PM] Reload for file change: /home/crphang/web4/_markbind/navigation/site-nav.md
2019-08-12T13:03:57.832Z - info: Rebuilding affected source files
2019-08-12T13:03:57.832Z - info: Rebuilding 5 pages
2019-08-12T13:03:57.939Z - info: Pages rebuilt
2019-08-12T13:03:57.941Z - info: Site data built
2019-08-12T13:04:06.052Z - info: [9:04:06 PM] Reload for file change: /home/crphang/web4/_markbind/navigation/site-nav.md
2019-08-12T13:04:06.220Z - info: [9:04:06 PM] Reload for file change: /home/crphang/web4/_markbind/navigation/site-nav.md
2019-08-12T13:04:07.052Z - info: Rebuilding affected source files
2019-08-12T13:04:07.052Z - info: Rebuilding 5 pages
2019-08-12T13:04:07.150Z - info: Pages rebuilt
2019-08-12T13:04:07.152Z - info: Site data built
2019-08-12T13:04:24.107Z - info: [9:04:24 PM] Reload for file change: /home/crphang/web4/_markbind/navigation/site-nav.md
2019-08-12T13:04:24.277Z - info: [9:04:24 PM] Reload for file change: /home/crphang/web4/_markbind/navigation/site-nav.md
2019-08-12T13:04:25.108Z - info: Rebuilding affected source files
2019-08-12T13:04:25.108Z - info: Rebuilding 5 pages
2019-08-12T13:04:25.216Z - info: Pages rebuilt
2019-08-12T13:04:25.221Z - info: Site data built
2019-08-12T13:04:28.348Z - info: [9:04:28 PM] Reload for file change: /home/crphang/web4/_markbind/navigation/site-nav.md
2019-08-12T13:04:29.349Z - info: Rebuilding affected source files
2019-08-12T13:04:29.349Z - info: Rebuilding 5 pages
2019-08-12T13:04:29.448Z - info: Pages rebuilt
2019-08-12T13:04:29.449Z - info: Site data built
2019-08-12T13:04:30.964Z - info: [9:04:30 PM] Reload for file change: /home/crphang/web4/_markbind/navigation/site-nav.md
2019-08-12T13:04:31.965Z - info: Rebuilding affected source files
2019-08-12T13:04:31.965Z - info: Rebuilding 5 pages
2019-08-12T13:04:32.064Z - info: Pages rebuilt
2019-08-12T13:04:32.065Z - info: Site data built
2019-08-12T13:04:32.640Z - info: [9:04:32 PM] Reload for file change: /home/crphang/web4/_markbind/navigation/site-nav.md
2019-08-12T13:04:33.640Z - info: Rebuilding affected source files
2019-08-12T13:04:33.640Z - info: Rebuilding 5 pages
2019-08-12T13:04:33.726Z - info: Pages rebuilt
2019-08-12T13:04:33.727Z - info: Site data built
2019-08-12T13:04:34.512Z - info: [9:04:34 PM] Reload for file change: /home/crphang/web4/_markbind/navigation/site-nav.md
2019-08-12T13:04:35.513Z - info: Rebuilding affected source files
2019-08-12T13:04:35.514Z - info: Rebuilding 5 pages
2019-08-12T13:04:35.591Z - info: Pages rebuilt
2019-08-12T13:04:35.592Z - info: Site data built
2019-08-12T13:04:38.272Z - info: [9:04:38 PM] Reload for file change: /home/crphang/web4/_markbind/navigation/site-nav.md
2019-08-12T13:04:39.272Z - info: Rebuilding affected source files
2019-08-12T13:04:39.273Z - info: Rebuilding 5 pages
2019-08-12T13:04:39.363Z - info: Pages rebuilt
2019-08-12T13:04:39.364Z - info: Site data built
2019-08-12T13:04:41.509Z - info: [9:04:41 PM] Reload for file change: /home/crphang/web4/_markbind/navigation/site-nav.md
2019-08-12T13:04:42.510Z - info: Rebuilding affected source files
2019-08-12T13:04:42.511Z - info: Rebuilding 5 pages
2019-08-12T13:04:42.602Z - info: Pages rebuilt
2019-08-12T13:04:42.604Z - info: Site data built
2019-08-12T13:04:43.940Z - info: [9:04:43 PM] Reload for file change: /home/crphang/web4/_markbind/navigation/site-nav.md
2019-08-12T13:04:44.940Z - info: Rebuilding affected source files
2019-08-12T13:04:44.940Z - info: Rebuilding 5 pages
2019-08-12T13:04:45.012Z - info: Pages rebuilt
2019-08-12T13:04:45.013Z - info: Site data built
2019-08-12T13:04:45.316Z - info: [9:04:45 PM] Reload for file change: /home/crphang/web4/_markbind/navigation/site-nav.md
2019-08-12T13:04:46.316Z - info: Rebuilding affected source files
2019-08-12T13:04:46.317Z - info: Rebuilding 5 pages
2019-08-12T13:04:46.404Z - info: Pages rebuilt
2019-08-12T13:04:46.404Z - info: Site data built
2019-08-12T13:04:47.517Z - info: [9:04:47 PM] Reload for file change: /home/crphang/web4/_markbind/navigation/site-nav.md
2019-08-12T13:04:48.517Z - info: Rebuilding affected source files
2019-08-12T13:04:48.518Z - info: Rebuilding 5 pages
2019-08-12T13:04:48.605Z - info: Pages rebuilt
2019-08-12T13:04:48.605Z - info: Site data built
2019-08-12T13:04:52.669Z - info: [9:04:52 PM] Reload for file change: /home/crphang/web4/_markbind/navigation/site-nav.md
2019-08-12T13:04:53.671Z - info: Rebuilding affected source files
2019-08-12T13:04:53.671Z - info: Rebuilding 5 pages
2019-08-12T13:04:53.757Z - info: Pages rebuilt
2019-08-12T13:04:53.758Z - info: Site data built
2019-08-12T13:04:56.837Z - info: [9:04:56 PM] Reload for file change: /home/crphang/web4/_markbind/navigation/site-nav.md
2019-08-12T13:04:57.838Z - info: Rebuilding affected source files
2019-08-12T13:04:57.838Z - info: Rebuilding 5 pages
2019-08-12T13:04:57.990Z - info: Pages rebuilt
2019-08-12T13:04:57.991Z - info: Site data built
2019-08-12T13:04:59.997Z - info: [9:04:59 PM] Reload for file change: /home/crphang/web4/_markbind/navigation/site-nav.md
2019-08-12T13:05:00.998Z - info: Rebuilding affected source files
2019-08-12T13:05:00.998Z - info: Rebuilding 5 pages
2019-08-12T13:05:01.118Z - info: Pages rebuilt
2019-08-12T13:05:01.120Z - info: Site data built
2019-08-12T13:05:01.304Z - info: [9:05:01 PM] Reload for file change: /home/crphang/web4/_markbind/navigation/site-nav.md
2019-08-12T13:05:02.304Z - info: Rebuilding affected source files
2019-08-12T13:05:02.304Z - info: Rebuilding 5 pages
2019-08-12T13:05:02.406Z - info: Pages rebuilt
2019-08-12T13:05:02.413Z - info: Site data built
2019-08-12T13:05:29.339Z - info: [9:05:29 PM] Reload for file change: /home/crphang/web4/_markbind/navigation/site-nav.md
2019-08-12T13:05:30.340Z - info: Rebuilding affected source files
2019-08-12T13:05:30.341Z - info: Rebuilding 5 pages
2019-08-12T13:05:30.471Z - info: Pages rebuilt
2019-08-12T13:05:30.472Z - info: Site data built
2019-08-12T13:05:31.243Z - info: [9:05:31 PM] Reload for file change: /home/crphang/web4/_markbind/navigation/site-nav.md
2019-08-12T13:05:31.874Z - info: [9:05:31 PM] Reload for file change: /home/crphang/web4/_markbind/navigation/site-nav.md
2019-08-12T13:05:32.026Z - info: [9:05:32 PM] Reload for file change: /home/crphang/web4/_markbind/navigation/site-nav.md
2019-08-12T13:05:32.217Z - info: [9:05:32 PM] Reload for file change: /home/crphang/web4/_markbind/navigation/site-nav.md
2019-08-12T13:05:32.242Z - info: Rebuilding affected source files
2019-08-12T13:05:32.243Z - info: Rebuilding 5 pages
2019-08-12T13:05:32.353Z - info: Pages rebuilt
2019-08-12T13:05:32.357Z - info: Site data built
2019-08-12T13:05:34.666Z - info: [9:05:34 PM] Reload for file change: /home/crphang/web4/_markbind/navigation/site-nav.md
2019-08-12T13:05:34.850Z - info: [9:05:34 PM] Reload for file change: /home/crphang/web4/_markbind/navigation/site-nav.md
2019-08-12T13:05:35.667Z - info: Rebuilding affected source files
2019-08-12T13:05:35.667Z - info: Rebuilding 5 pages
2019-08-12T13:05:35.809Z - info: Pages rebuilt
2019-08-12T13:05:35.810Z - info: Site data built
2019-08-12T13:05:39.876Z - info: [9:05:39 PM] Reload for file change: /home/crphang/web4/_markbind/navigation/site-nav.md
2019-08-12T13:05:40.877Z - info: Rebuilding affected source files
2019-08-12T13:05:40.877Z - info: Rebuilding 5 pages
2019-08-12T13:05:41.007Z - info: Pages rebuilt
2019-08-12T13:05:41.008Z - info: Site data built
2019-08-12T13:05:43.465Z - info: [9:05:43 PM] Reload for file change: /home/crphang/web4/_markbind/navigation/site-nav.md
2019-08-12T13:05:43.618Z - info: [9:05:43 PM] Reload for file change: /home/crphang/web4/_markbind/navigation/site-nav.md
2019-08-12T13:05:44.466Z - info: Rebuilding affected source files
2019-08-12T13:05:44.466Z - info: Rebuilding 5 pages
2019-08-12T13:05:44.567Z - info: Pages rebuilt
2019-08-12T13:05:44.568Z - info: Site data built
2019-08-12T13:05:55.730Z - info: [9:05:55 PM] Reload for file change: /home/crphang/web4/contents/topic1.md
2019-08-12T13:05:55.882Z - info: [9:05:55 PM] Reload for file change: /home/crphang/web4/contents/topic1.md
2019-08-12T13:05:56.730Z - info: Rebuilding affected source files
2019-08-12T13:05:56.731Z - info: Rebuilding 1 pages
2019-08-12T13:05:56.744Z - info: Pages rebuilt
2019-08-12T13:05:56.745Z - info: Site data built
2019-08-12T13:07:47.361Z - info: [9:07:47 PM] Reload for file change: /home/crphang/web4/_markbind/navigation/site-nav.md
2019-08-12T13:07:48.208Z - info: [9:07:48 PM] Reload for file change: /home/crphang/web4/_markbind/navigation/site-nav.md
2019-08-12T13:07:48.360Z - info: [9:07:48 PM] Reload for file change: /home/crphang/web4/_markbind/navigation/site-nav.md
2019-08-12T13:07:48.360Z - info: Rebuilding affected source files
2019-08-12T13:07:48.360Z - info: Rebuilding 5 pages
2019-08-12T13:07:48.457Z - info: Pages rebuilt
2019-08-12T13:07:48.458Z - info: Site data built
2019-08-12T13:07:48.498Z - info: [9:07:48 PM] Reload for file change: /home/crphang/web4/_markbind/navigation/site-nav.md
2019-08-12T13:07:49.498Z - info: Rebuilding affected source files
2019-08-12T13:07:49.498Z - info: Rebuilding 5 pages
2019-08-12T13:07:49.598Z - info: Pages rebuilt
2019-08-12T13:07:49.603Z - info: Site data built
2019-08-12T13:13:26.919Z - info: [9:13:26 PM] Reload for file change: /home/crphang/web4/index.md
2019-08-12T13:13:27.920Z - info: Rebuilding affected source files
2019-08-12T13:13:27.920Z - info: Rebuilding 1 pages
2019-08-12T13:13:28.026Z - info: Pages rebuilt
2019-08-12T13:13:28.026Z - info: Site data built
2019-08-12T13:13:28.089Z - info: [9:13:28 PM] Reload for file change: /home/crphang/web4/index.md
2019-08-12T13:13:29.090Z - info: Rebuilding affected source files
2019-08-12T13:13:29.090Z - info: Rebuilding 1 pages
2019-08-12T13:13:29.151Z - info: Pages rebuilt
2019-08-12T13:13:29.152Z - info: Site data built
2019-08-12T13:13:36.975Z - info: [9:13:36 PM] Reload for file change: /home/crphang/web4/index.md
2019-08-12T13:13:37.976Z - info: Rebuilding affected source files
2019-08-12T13:13:37.977Z - info: Rebuilding 1 pages
2019-08-12T13:13:38.023Z - info: Pages rebuilt
2019-08-12T13:13:38.024Z - info: Site data built
2019-08-12T13:13:38.834Z - info: [9:13:38 PM] Reload for file change: /home/crphang/web4/index.md
2019-08-12T13:13:39.756Z - info: [9:13:39 PM] Reload for file change: /home/crphang/web4/index.md
2019-08-12T13:13:39.835Z - info: Rebuilding affected source files
2019-08-12T13:13:39.835Z - info: Rebuilding 1 pages
2019-08-12T13:13:39.916Z - info: Pages rebuilt
2019-08-12T13:13:39.917Z - info: Site data built
2019-08-12T13:15:51.910Z - info: [9:15:51 PM] Reload for file change: /home/crphang/web4/index.md
2019-08-12T13:15:52.910Z - info: Rebuilding affected source files
2019-08-12T13:15:52.911Z - info: Rebuilding 1 pages
2019-08-12T13:15:52.970Z - info: Pages rebuilt
2019-08-12T13:15:52.971Z - info: Site data built
2019-08-12T13:15:56.533Z - info: [9:15:56 PM] Reload for file change: /home/crphang/web4/index.md
2019-08-12T13:15:57.535Z - info: Rebuilding affected source files
2019-08-12T13:15:57.535Z - info: Rebuilding 1 pages
2019-08-12T13:15:57.584Z - info: Pages rebuilt
2019-08-12T13:15:57.585Z - info: Site data built
2019-08-12T13:15:59.116Z - info: [9:15:59 PM] Reload for file change: /home/crphang/web4/index.md
2019-08-12T13:16:00.116Z - info: Rebuilding affected source files
2019-08-12T13:16:00.116Z - info: Rebuilding 1 pages
2019-08-12T13:16:00.154Z - info: Pages rebuilt
2019-08-12T13:16:00.155Z - info: Site data built
2019-08-12T13:16:21.128Z - info: [9:16:21 PM] Reload for file change: /home/crphang/web4/index.md
2019-08-12T13:16:21.234Z - info: [9:16:21 PM] Reload for file change: /home/crphang/web4/index.md
2019-08-12T13:16:21.418Z - info: [9:16:21 PM] Reload for file change: /home/crphang/web4/index.md
2019-08-12T13:16:22.128Z - info: Rebuilding affected source files
2019-08-12T13:16:22.129Z - info: Rebuilding 1 pages
2019-08-12T13:16:22.171Z - info: Pages rebuilt
2019-08-12T13:16:22.171Z - info: Site data built
2019-08-12T13:16:28.827Z - info: [9:16:28 PM] Reload for file change: /home/crphang/web4/index.md
2019-08-12T13:16:29.828Z - info: Rebuilding affected source files
2019-08-12T13:16:29.828Z - info: Rebuilding 1 pages
2019-08-12T13:16:29.869Z - info: Pages rebuilt
2019-08-12T13:16:29.872Z - info: Site data built
2019-08-12T13:16:35.690Z - info: [9:16:35 PM] Reload for file change: /home/crphang/web4/index.md
2019-08-12T13:16:35.858Z - info: [9:16:35 PM] Reload for file change: /home/crphang/web4/index.md
2019-08-12T13:16:36.691Z - info: Rebuilding affected source files
2019-08-12T13:16:36.691Z - info: Rebuilding 1 pages
2019-08-12T13:16:36.760Z - info: Pages rebuilt
2019-08-12T13:16:36.760Z - info: Site data built
2019-08-12T13:17:19.953Z - info: [9:17:19 PM] Reload for file change: /home/crphang/web4/index.md
2019-08-12T13:17:20.137Z - info: [9:17:20 PM] Reload for file change: /home/crphang/web4/index.md
2019-08-12T13:17:20.953Z - info: Rebuilding affected source files
2019-08-12T13:17:20.954Z - info: Rebuilding 1 pages
2019-08-12T13:17:21.013Z - info: Pages rebuilt
2019-08-12T13:17:21.014Z - info: Site data built
2019-08-12T13:17:35.561Z - info: [9:17:35 PM] Reload for file change: /home/crphang/web4/index.md
2019-08-12T13:17:35.713Z - info: [9:17:35 PM] Reload for file change: /home/crphang/web4/index.md
2019-08-12T13:17:36.561Z - info: Rebuilding affected source files
2019-08-12T13:17:36.561Z - info: Rebuilding 1 pages
2019-08-12T13:17:36.608Z - info: Pages rebuilt
2019-08-12T13:17:36.609Z - info: Site data built
