2019-10-18T14:51:44.299Z - info: Website generation started at 22:51:44
2019-10-18T14:51:44.315Z - info: Building assets...
2019-10-18T14:51:44.317Z - info: Assets built
2019-10-18T14:51:44.317Z - info: Generating pages...
2019-10-18T14:51:44.539Z - info: Pages built
2019-10-18T14:51:44.573Z - info: Website generation complete! Total build time: 0.278s
2019-10-18T14:51:44.589Z - info: Serving "/home/crphang/webrepo2/_site" at http://127.0.0.1:8080
2019-10-18T14:51:44.589Z - info: Press CTRL+C to stop ...
2019-10-18T14:51:44.623Z - info: Site data built
2019-10-18T15:09:40.895Z - info: Website generation started at 23:09:40
2019-10-18T15:09:40.914Z - info: Building assets...
2019-10-18T15:09:40.924Z - info: Assets built
2019-10-18T15:09:40.924Z - info: Generating pages...
2019-10-18T15:09:41.176Z - info: Pages built
2019-10-18T15:09:41.208Z - info: Website generation complete! Total build time: 0.324s
2019-10-18T15:09:41.223Z - info: Serving "/home/crphang/webrepo/_site" at http://127.0.0.1:8080
2019-10-18T15:09:41.223Z - info: Press CTRL+C to stop ...
2019-10-18T15:09:41.252Z - info: Site data built
2019-10-18T15:12:34.799Z - info: [23:12:34] Reload for file deletion: /home/crphang/webrepo/package-lock.json
2019-10-18T15:12:34.799Z - info: [23:12:34] Reload for file deletion: /home/crphang/webrepo/package.json
2019-10-18T15:12:35.802Z - info: Assets removed
2019-10-18T15:12:44.662Z - info: [23:12:44] Reload for file change: /home/crphang/webrepo/netlify.toml
2019-10-18T15:12:45.665Z - info: Assets built
2019-10-18T15:13:01.172Z - info: [23:13:01] Reload for file change: /home/crphang/webrepo/netlify.toml
2019-10-18T15:13:02.174Z - info: Assets built
2019-10-18T15:13:09.756Z - info: [23:13:09] Reload for file change: /home/crphang/webrepo/netlify.toml
2019-10-18T15:13:09.924Z - info: [23:13:09] Reload for file change: /home/crphang/webrepo/netlify.toml
2019-10-18T15:13:10.077Z - info: [23:13:10] Reload for file change: /home/crphang/webrepo/netlify.toml
2019-10-18T15:13:10.758Z - info: Assets built
2019-10-18T15:13:11.116Z - info: [23:13:11] Reload for file change: /home/crphang/webrepo/netlify.toml
2019-10-18T15:13:11.267Z - info: [23:13:11] Reload for file change: /home/crphang/webrepo/netlify.toml
2019-10-18T15:13:12.117Z - info: Assets built
2019-10-18T15:13:33.583Z - info: [23:13:33] Reload for file change: /home/crphang/webrepo/netlify.toml
2019-10-18T15:13:33.804Z - info: [23:13:33] Reload for file change: /home/crphang/webrepo/netlify.toml
2019-10-18T15:13:34.584Z - info: Assets built
